  globalVariable.cpp
  HashSetForSubscribers.cpp
  LinkedList.cpp
C:\Users\lukic\Desktop\fax4.godina\1.semstar\IKp\projekat\Projekat_IKP\Projekat\Admin\HashSetForSubscribers.cpp(47,46): warning C4267: '=': conversion from 'size_t' to 'int', possible loss of data
C:\Users\lukic\Desktop\fax4.godina\1.semstar\IKp\projekat\Projekat_IKP\Projekat\Admin\HashSetForSubscribers.cpp(112,36): warning C4267: '=': conversion from 'size_t' to 'int', possible loss of data
C:\Users\lukic\Desktop\fax4.godina\1.semstar\IKp\projekat\Projekat_IKP\Projekat\Admin\HashSetForSubscribers.cpp(247,20): warning C4477: 'printf' : format string '%d' requires an argument of type 'int', but variadic argument 1 has type 'size_t'
      C:\Users\lukic\Desktop\fax4.godina\1.semstar\IKp\projekat\Projekat_IKP\Projekat\Admin\HashSetForSubscribers.cpp(247,20):
      consider using '%zd' in the format string
  
C:\Users\lukic\Desktop\fax4.godina\1.semstar\IKp\projekat\Projekat_IKP\Projekat\Admin\HashSetForSubscribers.cpp(250,24): warning C4477: 'printf' : format string '%zu' requires an argument of type 'unsigned __int64', but variadic argument 1 has type 'int'
      C:\Users\lukic\Desktop\fax4.godina\1.semstar\IKp\projekat\Projekat_IKP\Projekat\Admin\HashSetForSubscribers.cpp(250,24):
      consider using '%u' in the format string
      C:\Users\lukic\Desktop\fax4.godina\1.semstar\IKp\projekat\Projekat_IKP\Projekat\Admin\HashSetForSubscribers.cpp(250,24):
      consider using '%I32u' in the format string
  
  MainAdmin.cpp
C:\Users\lukic\Desktop\fax4.godina\1.semstar\IKp\projekat\Projekat_IKP\Projekat\Admin\MainAdmin.cpp(61,31): warning C4267: 'argument': conversion from 'size_t' to 'int', possible loss of data
C:\Users\lukic\Desktop\fax4.godina\1.semstar\IKp\projekat\Projekat_IKP\Projekat\Admin\MainAdmin.cpp(287,62): warning C4267: 'argument': conversion from 'size_t' to 'int', possible loss of data
C:\Users\lukic\Desktop\fax4.godina\1.semstar\IKp\projekat\Projekat_IKP\Projekat\Admin\MainAdmin.cpp(434,50): warning C4267: 'argument': conversion from 'size_t' to 'int', possible loss of data
C:\Users\lukic\Desktop\fax4.godina\1.semstar\IKp\projekat\Projekat_IKP\Projekat\Admin\MainAdmin.cpp(451,50): warning C4267: 'argument': conversion from 'size_t' to 'int', possible loss of data
C:\Users\lukic\Desktop\fax4.godina\1.semstar\IKp\projekat\Projekat_IKP\Projekat\Admin\MainAdmin.cpp(473,60): warning C4267: 'argument': conversion from 'size_t' to 'int', possible loss of data
C:\Users\lukic\Desktop\fax4.godina\1.semstar\IKp\projekat\Projekat_IKP\Projekat\Admin\MainAdmin.cpp(502,52): warning C4267: 'argument': conversion from 'size_t' to 'int', possible loss of data
C:\Users\lukic\Desktop\fax4.godina\1.semstar\IKp\projekat\Projekat_IKP\Projekat\Admin\MainAdmin.cpp(545,66): warning C4267: 'argument': conversion from 'size_t' to 'int', possible loss of data
C:\Users\lukic\Desktop\fax4.godina\1.semstar\IKp\projekat\Projekat_IKP\Projekat\Admin\MainAdmin.cpp(550,77): warning C4267: 'argument': conversion from 'size_t' to 'int', possible loss of data
C:\Users\lukic\Desktop\fax4.godina\1.semstar\IKp\projekat\Projekat_IKP\Projekat\Admin\MainAdmin.cpp(558,68): warning C4267: 'argument': conversion from 'size_t' to 'int', possible loss of data
C:\Users\lukic\Desktop\fax4.godina\1.semstar\IKp\projekat\Projekat_IKP\Projekat\Admin\MainAdmin.cpp(562,77): warning C4267: 'argument': conversion from 'size_t' to 'int', possible loss of data
  QueuePublisher.cpp
C:\Users\lukic\Desktop\fax4.godina\1.semstar\IKp\projekat\Projekat_IKP\Projekat\Admin\QueuePublisher.cpp(9,10): warning C4067: unexpected tokens following preprocessor directive - expected a newline
  Generating Code...
  Admin.vcxproj -> C:\Users\lukic\Desktop\fax4.godina\1.semstar\IKp\projekat\Projekat_IKP\Projekat\x64\Debug\Admin.exe
